
> obsidian-dashboard@0.1.0 dev
> next dev

   ▲ Next.js 15.5.20
   - Local:        http://localhost:3000
   - Network:      http://192.168.1.121:3000

 ✓ Starting...
 ✓ Ready in 2.1s
 ○ Compiling /dashboard ...
 ✓ Compiled /dashboard in 6s (2600 modules)
 GET /dashboard 200 in 6591ms
 ✓ Compiled in 1208ms (1236 modules)
 ○ Compiling /dashboard/events ...
 ✓ Compiled /dashboard/events in 1048ms (2593 modules)
 GET /dashboard/events 200 in 1572ms
 ○ Compiling /api/[...path] ...
 ✓ Compiled /api/[...path] in 799ms (2613 modules)
 GET /api/insights 200 in 1826ms
 GET /api/events 200 in 1841ms
 GET /dashboard 200 in 185ms
 GET /api/events 200 in 71ms
 GET /api/insights 200 in 83ms
 GET /api/events 200 in 79ms
 GET /api/insights 200 in 85ms
 ○ Compiling /dashboard/analytics ...
 ✓ Compiled /dashboard/analytics in 1076ms (2628 modules)
 GET /dashboard/analytics 200 in 1439ms
 GET /dashboard/analytics 200 in 63ms
 ○ Compiling /dashboard/query ...
 ✓ Compiled /dashboard/query in 997ms (2635 modules)
 GET /dashboard/query 200 in 1194ms
 GET /dashboard/query 200 in 66ms
 GET /dashboard/events 200 in 87ms
 ○ Compiling /dashboard/insights ...
 ✓ Compiled /dashboard/insights in 980ms (2642 modules)
 GET /dashboard/insights 200 in 1140ms
 ○ Compiling /dashboard/session ...
 ✓ Compiled /dashboard/session in 2.2s (2649 modules)
 GET /api/insights 200 in 1885ms
 GET /api/events 200 in 1896ms
 GET /dashboard/session 200 in 2497ms
 ○ Compiling /dashboard/health ...
 ✓ Compiled /dashboard/health in 1021ms (2656 modules)
 GET /dashboard/health 200 in 1200ms
 GET /api/health 200 in 79ms
 GET /api/health 200 in 83ms
 ○ Compiling /dashboard/settings ...
 ✓ Compiled /dashboard/settings in 1020ms (2663 modules)
 GET /dashboard/settings 200 in 1182ms
 GET /api/events 200 in 93ms
 GET /api/insights 200 in 102ms
 GET /dashboard 200 in 85ms
 GET /api/events 200 in 127ms
 GET /api/insights 200 in 135ms
 GET /api/events 200 in 89ms
 GET /api/insights 200 in 93ms
 GET /dashboard/settings 200 in 72ms
 GET /api/events 200 in 80ms
 GET /api/insights 200 in 82ms
 GET /api/events 200 in 85ms
 GET /api/insights 200 in 88ms
 GET /dashboard 200 in 60ms
 GET /dashboard/analytics 200 in 68ms
 GET /dashboard/events 200 in 68ms
 GET /api/events 200 in 73ms
 GET /api/insights 200 in 98ms
 GET /dashboard/session 200 in 46ms
 GET /dashboard/settings 200 in 46ms
 GET /dashboard 200 in 24ms
 GET /api/events 200 in 58ms
 GET /api/insights 200 in 62ms
 GET /dashboard/query 200 in 64ms
 GET /api/events 200 in 56ms
 GET /api/insights 200 in 56ms
 POST /api/query 200 in 297ms
 GET /api/events 200 in 40ms
 GET /api/insights 200 in 44ms
 GET /api/events 200 in 50ms
 GET /api/insights 200 in 55ms
 GET /api/events 200 in 38ms
 GET /api/insights 200 in 42ms
 GET /api/events 200 in 45ms
 GET /api/insights 200 in 47ms
 GET /api/events 200 in 31ms
 GET /api/insights 200 in 43ms
 GET /api/events 200 in 44ms
 GET /api/insights 200 in 47ms
 GET /api/events 200 in 44ms
 GET /api/insights 200 in 48ms
 GET /dashboard 200 in 44ms
 GET /api/events 200 in 51ms
 GET /api/insights 200 in 53ms
 GET /api/events 200 in 52ms
 GET /api/insights 200 in 55ms
 GET /dashboard/insights 200 in 67ms
 GET /dashboard/insights 200 in 66ms
 GET /dashboard/session 200 in 54ms
 GET /dashboard/health 200 in 65ms
 GET /api/health 200 in 43ms
 GET /api/health 200 in 52ms
 GET /dashboard/settings 200 in 50ms
 GET /api/events 200 in 70ms
 GET /api/insights 200 in 76ms
 GET /api/events 200 in 51ms
 GET /api/insights 200 in 55ms
 GET /dashboard 200 in 51ms
 GET /api/events 200 in 59ms
 GET /api/insights 200 in 61ms
 GET /dashboard/settings 200 in 49ms
 GET /dashboard 200 in 39ms
 GET /dashboard/settings 200 in 57ms
 GET /api/events 200 in 49ms
 GET /api/insights 200 in 55ms
 GET /api/events 200 in 38ms
 GET /api/insights 200 in 50ms
 GET /api/events 200 in 41ms
 GET /api/insights 200 in 45ms
 GET /api/events 200 in 29ms
 GET /api/insights 200 in 34ms
 GET /api/events 200 in 47ms
 GET /api/insights 200 in 51ms
 GET /api/events 200 in 26ms
 GET /api/insights 200 in 28ms
